npm ERR! code ERESOLVE
npm ERR! ERESOLVE could not resolve
npm ERR! 
npm ERR! While resolving: apollo-metrics@1.0.1
npm ERR! Found: prom-client@14.2.0
npm ERR! node_modules/prom-client
npm ERR!   peer prom-client@">=12.0.0" from express-prom-bundle@6.6.0
npm ERR!   node_modules/express-prom-bundle
npm ERR!     express-prom-bundle@"^6.6.0" from the root project
npm ERR!   prom-client@"^14.2.0" from the root project
npm ERR! 
npm ERR! Could not resolve dependency:
npm ERR! peer prom-client@"^11.5.3" from apollo-metrics@1.0.1
npm ERR! node_modules/apollo-metrics
npm ERR!   apollo-metrics@"^1.0.1" from the root project
npm ERR! 
npm ERR! Conflicting peer dependency: prom-client@11.5.3
npm ERR! node_modules/prom-client
npm ERR!   peer prom-client@"^11.5.3" from apollo-metrics@1.0.1
npm ERR!   node_modules/apollo-metrics
npm ERR!     apollo-metrics@"^1.0.1" from the root project
npm ERR! 
npm ERR! Fix the upstream dependency conflict, or retry
npm ERR! this command with --force or --legacy-peer-deps
npm ERR! to accept an incorrect (and potentially broken) dependency resolution.
npm ERR! 
npm ERR! 
npm ERR! For a full report see:
npm ERR! /home/sergei/.npm/_logs/2023-06-03T22_01_52_939Z-eresolve-report.txt

npm ERR! A complete log of this run can be found in:
npm ERR!     /home/sergei/.npm/_logs/2023-06-03T22_01_52_939Z-debug-0.log
